TN:
SF:/Users/tigrou/Documents/www/ngx-permissions/application/projects/ngx-permissions/src/test.ts
FNF:0
FNH:0
DA:15,1
DA:20,1
DA:22,1
LF:3
LH:3
BRF:0
BRH:0
end_of_record
TN:
SF:/Users/tigrou/Documents/www/ngx-permissions/application/projects/ngx-permissions/src/lib/index.ts
FN:51,(anonymous_0)
FN:69,(anonymous_1)
FNF:2
FNH:2
FNDA:387,(anonymous_0)
FNDA:4,(anonymous_1)
DA:50,1
DA:52,387
DA:70,4
DA:94,1
DA:107,1
LF:5
LH:5
BRDA:51,0,0,378
BRDA:69,1,0,2
BRF:2
BRH:2
end_of_record
TN:
SF:/Users/tigrou/Documents/www/ngx-permissions/application/projects/ngx-permissions/src/lib/directive/permissions.directive.ts
FN:60,(anonymous_0)
FN:71,(anonymous_1)
FN:77,(anonymous_2)
FN:87,(anonymous_3)
FN:103,(anonymous_4)
FN:109,(anonymous_5)
FN:112,(anonymous_6)
FN:126,(anonymous_7)
FN:128,(anonymous_8)
FN:136,(anonymous_9)
FN:145,(anonymous_10)
FN:148,(anonymous_11)
FN:155,(anonymous_12)
FN:160,(anonymous_13)
FN:179,(anonymous_14)
FN:197,(anonymous_15)
FN:210,(anonymous_16)
FN:220,(anonymous_17)
FN:227,(anonymous_18)
FN:231,(anonymous_19)
FN:235,(anonymous_20)
FN:241,(anonymous_21)
FN:247,(anonymous_22)
FN:269,(anonymous_23)
FN:281,(anonymous_24)
FN:287,(anonymous_25)
FN:291,(anonymous_26)
FN:296,(anonymous_27)
FN:300,(anonymous_28)
FN:312,(anonymous_29)
FN:315,(anonymous_30)
FN:318,(anonymous_31)
FNF:32
FNH:29
FNDA:130,(anonymous_0)
FNDA:130,(anonymous_1)
FNDA:131,(anonymous_2)
FNDA:4,(anonymous_3)
FNDA:129,(anonymous_4)
FNDA:130,(anonymous_5)
FNDA:147,(anonymous_6)
FNDA:59,(anonymous_7)
FNDA:59,(anonymous_8)
FNDA:11,(anonymous_9)
FNDA:94,(anonymous_10)
FNDA:94,(anonymous_11)
FNDA:0,(anonymous_12)
FNDA:67,(anonymous_13)
FNDA:84,(anonymous_14)
FNDA:16,(anonymous_15)
FNDA:144,(anonymous_16)
FNDA:9,(anonymous_17)
FNDA:6,(anonymous_18)
FNDA:3,(anonymous_19)
FNDA:91,(anonymous_20)
FNDA:74,(anonymous_21)
FNDA:19,(anonymous_22)
FNDA:153,(anonymous_23)
FNDA:192,(anonymous_24)
FNDA:192,(anonymous_25)
FNDA:0,(anonymous_26)
FNDA:192,(anonymous_27)
FNDA:0,(anonymous_28)
FNDA:306,(anonymous_29)
FNDA:153,(anonymous_30)
FNDA:153,(anonymous_31)
DA:29,1
DA:31,1
DA:32,1
DA:33,1
DA:35,1
DA:36,1
DA:37,1
DA:39,1
DA:40,1
DA:42,1
DA:43,1
DA:45,1
DA:46,1
DA:48,1
DA:49,1
DA:51,131
DA:52,131
DA:56,130
DA:61,130
DA:62,130
DA:63,130
DA:64,130
DA:65,130
DA:66,130
DA:68,130
DA:72,130
DA:73,130
DA:78,131
DA:79,131
DA:80,131
DA:82,131
DA:83,35
DA:85,4
DA:88,4
DA:89,1
DA:90,1
DA:93,3
DA:94,1
DA:95,1
DA:98,2
DA:104,129
DA:105,129
DA:110,130
DA:113,147
DA:114,58
DA:115,58
DA:118,89
DA:119,82
DA:120,82
DA:122,7
DA:127,59
DA:129,59
DA:130,30
DA:131,30
DA:133,29
DA:134,18
DA:137,11
DA:138,11
DA:140,0
DA:147,94
DA:149,94
DA:150,57
DA:152,37
DA:156,0
DA:161,67
DA:163,66
DA:164,66
DA:166,66
DA:167,8
DA:168,8
DA:171,58
DA:172,4
DA:174,54
DA:180,84
DA:182,83
DA:183,83
DA:185,83
DA:186,8
DA:187,8
DA:190,75
DA:191,3
DA:193,72
DA:198,16
DA:199,12
DA:200,12
DA:203,4
DA:204,4
DA:205,4
DA:206,4
DA:211,144
DA:212,144
DA:213,42
DA:216,102
DA:217,102
DA:221,9
DA:228,6
DA:232,3
DA:236,91
DA:242,74
DA:248,19
DA:249,6
DA:250,6
DA:253,13
DA:254,5
DA:255,5
DA:257,8
DA:258,8
DA:260,8
DA:272,153
DA:275,153
DA:278,153
DA:280,153
DA:281,153
DA:282,192
DA:285,192
DA:288,192
DA:289,192
DA:291,0
DA:294,192
DA:297,192
DA:298,192
DA:300,0
DA:310,153
DA:313,306
DA:316,153
DA:319,153
LF:126
LH:122
BRDA:80,0,0,131
BRDA:80,0,1,0
BRDA:80,1,0,131
BRDA:80,1,1,33
BRDA:82,2,0,96
BRDA:82,2,1,35
BRDA:82,3,0,131
BRDA:82,3,1,98
BRDA:83,4,0,31
BRDA:83,4,1,4
BRDA:83,5,0,35
BRDA:83,5,1,33
BRDA:88,6,0,1
BRDA:88,6,1,3
BRDA:93,7,0,1
BRDA:93,7,1,2
BRDA:104,8,0,129
BRDA:104,8,1,0
BRDA:113,9,0,58
BRDA:113,9,1,89
BRDA:118,10,0,82
BRDA:118,10,1,7
BRDA:129,11,0,30
BRDA:129,11,1,29
BRDA:130,12,0,30
BRDA:130,12,1,26
BRDA:133,13,0,11
BRDA:133,13,1,18
BRDA:134,14,0,18
BRDA:134,14,1,16
BRDA:134,14,2,16
BRDA:137,15,0,11
BRDA:137,15,1,0
BRDA:140,16,0,0
BRDA:140,16,1,0
BRDA:140,16,2,0
BRDA:149,17,0,57
BRDA:149,17,1,37
BRDA:150,18,0,57
BRDA:150,18,1,56
BRDA:150,18,2,54
BRDA:152,19,0,37
BRDA:152,19,1,35
BRDA:156,20,0,0
BRDA:156,20,1,0
BRDA:161,21,0,1
BRDA:161,21,1,66
BRDA:161,22,0,67
BRDA:161,22,1,10
BRDA:166,23,0,8
BRDA:166,23,1,58
BRDA:171,24,0,4
BRDA:171,24,1,54
BRDA:171,25,0,58
BRDA:171,25,1,6
BRDA:180,26,0,1
BRDA:180,26,1,83
BRDA:180,27,0,84
BRDA:180,27,1,11
BRDA:185,28,0,8
BRDA:185,28,1,75
BRDA:190,29,0,3
BRDA:190,29,1,72
BRDA:190,30,0,75
BRDA:190,30,1,3
BRDA:198,31,0,12
BRDA:198,31,1,4
BRDA:203,32,0,4
BRDA:203,32,1,0
BRDA:212,33,0,42
BRDA:212,33,1,102
BRDA:221,34,0,9
BRDA:221,34,1,9
BRDA:221,34,2,9
BRDA:221,34,3,9
BRDA:228,35,0,6
BRDA:228,35,1,4
BRDA:232,36,0,3
BRDA:232,36,1,3
BRDA:236,37,0,91
BRDA:236,37,1,81
BRDA:236,37,2,75
BRDA:242,38,0,74
BRDA:242,38,1,64
BRDA:242,38,2,58
BRDA:248,39,0,6
BRDA:248,39,1,13
BRDA:253,40,0,5
BRDA:253,40,1,8
BRDA:280,41,0,153
BRDA:280,41,1,0
BRF:91
BRH:81
end_of_record
TN:
SF:/Users/tigrou/Documents/www/ngx-permissions/application/projects/ngx-permissions/src/lib/enums/predefined-strategies.enum.ts
FNF:0
FNH:0
DA:1,1
LF:1
LH:1
BRF:0
BRH:0
end_of_record
TN:
SF:/Users/tigrou/Documents/www/ngx-permissions/application/projects/ngx-permissions/src/lib/model/permission.model.ts
FN:5,(anonymous_0)
FNF:1
FNH:1
FNDA:1,(anonymous_0)
DA:6,1
DA:7,1
LF:2
LH:2
BRF:0
BRH:0
end_of_record
TN:
SF:/Users/tigrou/Documents/www/ngx-permissions/application/projects/ngx-permissions/src/lib/model/role.model.ts
FN:5,(anonymous_0)
FNF:1
FNH:1
FNDA:1,(anonymous_0)
DA:6,1
DA:7,1
LF:2
LH:2
BRF:0
BRH:0
end_of_record
TN:
SF:/Users/tigrou/Documents/www/ngx-permissions/application/projects/ngx-permissions/src/lib/router/permissions-guard.service.ts
FN:29,(anonymous_0)
FN:32,(anonymous_1)
FN:36,(anonymous_2)
FN:40,(anonymous_3)
FN:44,(anonymous_4)
FN:59,(anonymous_5)
FN:78,(anonymous_6)
FN:82,(anonymous_7)
FN:88,(anonymous_8)
FN:92,(anonymous_9)
FN:93,(anonymous_10)
FN:100,(anonymous_11)
FN:100,(anonymous_12)
FN:101,(anonymous_13)
FN:118,(anonymous_14)
FN:135,(anonymous_15)
FN:174,(anonymous_16)
FN:178,(anonymous_17)
FN:183,(anonymous_18)
FN:188,(anonymous_19)
FN:192,(anonymous_20)
FN:197,(anonymous_21)
FN:198,(anonymous_22)
FN:207,(anonymous_23)
FN:209,(anonymous_24)
FN:212,(anonymous_25)
FN:216,(anonymous_26)
FN:234,(anonymous_27)
FN:251,(anonymous_28)
FN:255,(anonymous_29)
FN:261,(anonymous_30)
FN:272,(anonymous_31)
FNF:32
FNH:32
FNDA:212,(anonymous_0)
FNDA:68,(anonymous_1)
FNDA:55,(anonymous_2)
FNDA:60,(anonymous_3)
FNDA:183,(anonymous_4)
FNDA:183,(anonymous_5)
FNDA:251,(anonymous_6)
FNDA:115,(anonymous_7)
FNDA:91,(anonymous_8)
FNDA:79,(anonymous_9)
FNDA:131,(anonymous_10)
FNDA:79,(anonymous_11)
FNDA:131,(anonymous_12)
FNDA:65,(anonymous_13)
FNDA:50,(anonymous_14)
FNDA:103,(anonymous_15)
FNDA:196,(anonymous_16)
FNDA:15,(anonymous_17)
FNDA:15,(anonymous_18)
FNDA:65,(anonymous_19)
FNDA:99,(anonymous_20)
FNDA:84,(anonymous_21)
FNDA:130,(anonymous_22)
FNDA:84,(anonymous_23)
FNDA:29,(anonymous_24)
FNDA:101,(anonymous_25)
FNDA:65,(anonymous_26)
FNDA:71,(anonymous_27)
FNDA:71,(anonymous_28)
FNDA:39,(anonymous_29)
FNDA:39,(anonymous_30)
FNDA:59,(anonymous_31)
DA:27,1
DA:29,212
DA:33,68
DA:37,55
DA:41,60
DA:45,183
DA:46,183
DA:48,183
DA:49,115
DA:52,68
DA:53,59
DA:56,9
DA:60,183
DA:64,183
DA:65,9
DA:68,183
DA:69,9
DA:72,183
DA:73,183
DA:75,183
DA:79,251
DA:83,115
DA:85,65
DA:87,65
DA:89,91
DA:93,131
DA:95,79
DA:96,27
DA:100,131
DA:102,65
DA:103,27
DA:105,27
DA:108,38
DA:109,27
DA:112,11
DA:117,50
DA:119,50
DA:120,23
DA:121,13
DA:124,23
DA:128,27
DA:129,18
DA:131,9
DA:140,103
DA:141,26
DA:144,103
DA:145,15
DA:146,6
DA:152,15
DA:153,6
DA:159,15
DA:164,15
DA:167,88
DA:168,3
DA:170,85
DA:175,196
DA:179,15
DA:184,15
DA:189,65
DA:191,65
DA:193,99
DA:198,130
DA:200,84
DA:201,46
DA:208,84
DA:209,29
DA:212,101
DA:217,65
DA:218,14
DA:219,3
DA:221,11
DA:222,11
DA:225,51
DA:226,33
DA:228,51
DA:240,71
DA:241,45
DA:243,26
DA:244,14
DA:246,12
DA:252,71
DA:256,39
DA:260,39
DA:262,39
DA:264,22
DA:265,19
DA:268,22
DA:273,59
DA:274,38
DA:276,21
LF:90
LH:90
BRDA:45,0,0,182
BRDA:45,0,1,1
BRDA:45,1,0,183
BRDA:45,1,1,183
BRDA:48,2,0,115
BRDA:48,2,1,68
BRDA:52,3,0,59
BRDA:52,3,1,9
BRDA:64,4,0,9
BRDA:64,4,1,174
BRDA:68,5,0,9
BRDA:68,5,1,174
BRDA:79,6,0,251
BRDA:79,6,1,182
BRDA:83,7,0,65
BRDA:83,7,1,50
BRDA:83,8,0,115
BRDA:83,8,1,85
BRDA:83,8,2,74
BRDA:83,8,3,57
BRDA:95,9,0,27
BRDA:95,9,1,52
BRDA:102,10,0,27
BRDA:102,10,1,38
BRDA:108,11,0,27
BRDA:108,11,1,11
BRDA:108,12,0,38
BRDA:108,12,1,38
BRDA:119,13,0,23
BRDA:119,13,1,27
BRDA:119,14,0,50
BRDA:119,14,1,27
BRDA:120,15,0,13
BRDA:120,15,1,10
BRDA:128,16,0,18
BRDA:128,16,1,9
BRDA:140,17,0,26
BRDA:140,17,1,77
BRDA:144,18,0,15
BRDA:144,18,1,88
BRDA:145,19,0,6
BRDA:145,19,1,9
BRDA:152,20,0,6
BRDA:152,20,1,9
BRDA:167,21,0,3
BRDA:167,21,1,85
BRDA:175,22,0,196
BRDA:175,22,1,108
BRDA:175,22,2,84
BRDA:179,23,0,15
BRDA:179,23,1,15
BRDA:184,24,0,15
BRDA:184,24,1,15
BRDA:200,25,0,46
BRDA:200,25,1,38
BRDA:208,26,0,16
BRDA:208,26,1,68
BRDA:217,27,0,14
BRDA:217,27,1,51
BRDA:218,28,0,3
BRDA:218,28,1,11
BRDA:225,29,0,33
BRDA:225,29,1,18
BRDA:240,30,0,45
BRDA:240,30,1,26
BRDA:243,31,0,14
BRDA:243,31,1,12
BRDA:252,32,0,71
BRDA:252,32,1,71
BRDA:262,33,0,17
BRDA:262,33,1,22
BRDA:262,34,0,39
BRDA:262,34,1,22
BRDA:264,35,0,19
BRDA:264,35,1,3
BRDA:273,36,0,38
BRDA:273,36,1,21
BRDA:273,37,0,59
BRDA:273,37,1,51
BRDA:273,37,2,36
BRF:80
BRH:80
end_of_record
TN:
SF:/Users/tigrou/Documents/www/ngx-permissions/application/projects/ngx-permissions/src/lib/service/configuration.service.ts
FN:23,(anonymous_0)
FN:35,(anonymous_1)
FN:39,(anonymous_2)
FN:43,(anonymous_3)
FN:47,(anonymous_4)
FN:51,(anonymous_5)
FN:55,(anonymous_6)
FN:63,(anonymous_7)
FNF:8
FNH:8
FNDA:140,(anonymous_0)
FNDA:5,(anonymous_1)
FNDA:9,(anonymous_2)
FNDA:13,(anonymous_3)
FNDA:10,(anonymous_4)
FNDA:2,(anonymous_5)
FNDA:14,(anonymous_6)
FNDA:10,(anonymous_7)
DA:13,1
DA:16,1
DA:24,140
DA:25,140
DA:27,140
DA:28,140
DA:30,140
DA:31,140
DA:36,5
DA:40,9
DA:44,13
DA:48,10
DA:52,2
DA:56,14
DA:57,12
DA:59,2
DA:64,10
LF:17
LH:17
BRDA:24,0,0,137
BRDA:27,1,0,3
BRDA:27,1,1,137
BRDA:30,2,0,3
BRDA:30,2,1,137
BRDA:31,3,0,3
BRDA:31,3,1,137
BRDA:56,4,0,12
BRDA:56,4,1,2
BRDA:56,5,0,14
BRDA:56,5,1,10
BRDA:64,6,0,10
BRDA:64,6,1,4
BRF:13
BRH:13
end_of_record
TN:
SF:/Users/tigrou/Documents/www/ngx-permissions/application/projects/ngx-permissions/src/lib/service/permissions.service.ts
FN:21,(anonymous_0)
FN:32,(anonymous_1)
FN:36,(anonymous_2)
FN:45,(anonymous_3)
FN:46,(anonymous_4)
FN:53,(anonymous_5)
FN:55,(anonymous_6)
FN:67,(anonymous_7)
FN:75,(anonymous_8)
FN:79,(anonymous_9)
FN:83,(anonymous_10)
FN:101,(anonymous_11)
FN:102,(anonymous_12)
FN:108,(anonymous_13)
FN:111,(anonymous_14)
FN:120,(anonymous_15)
FN:130,(anonymous_16)
FN:134,(anonymous_17)
FN:138,(anonymous_18)
FN:143,(anonymous_19)
FNF:20
FNH:20
FNDA:381,(anonymous_0)
FNDA:2,(anonymous_1)
FNDA:531,(anonymous_2)
FNDA:31,(anonymous_3)
FNDA:47,(anonymous_4)
FNDA:374,(anonymous_5)
FNDA:16,(anonymous_6)
FNDA:3,(anonymous_7)
FNDA:2,(anonymous_8)
FNDA:23,(anonymous_9)
FNDA:425,(anonymous_10)
FNDA:529,(anonymous_11)
FNDA:559,(anonymous_12)
FNDA:58,(anonymous_13)
FNDA:58,(anonymous_14)
FNDA:11,(anonymous_15)
FNDA:544,(anonymous_16)
FNDA:529,(anonymous_17)
FNDA:529,(anonymous_18)
FNDA:559,(anonymous_19)
DA:13,1
DA:16,1
DA:22,381
DA:23,381
DA:25,381
DA:26,381
DA:33,2
DA:37,531
DA:38,2
DA:41,529
DA:42,529
DA:46,31
DA:47,47
DA:50,31
DA:54,374
DA:55,12
DA:56,16
DA:59,12
DA:61,362
DA:63,362
DA:68,3
DA:71,3
DA:72,3
DA:76,2
DA:80,23
DA:88,425
DA:89,70
DA:94,355
DA:102,529
DA:103,559
DA:104,58
DA:105,58
DA:107,58
DA:109,58
DA:112,58
DA:113,58
DA:114,32
DA:117,26
DA:120,11
DA:125,501
DA:128,529
DA:131,544
DA:132,544
DA:135,529
DA:136,529
DA:139,529
DA:144,559
LF:47
LH:47
BRDA:22,0,0,374
BRDA:25,1,0,7
BRDA:25,1,1,374
BRDA:37,2,0,2
BRDA:37,2,1,529
BRDA:37,3,0,531
BRDA:37,3,1,530
BRDA:37,3,2,94
BRDA:54,4,0,12
BRDA:54,4,1,362
BRDA:88,5,0,70
BRDA:88,5,1,355
BRDA:88,6,0,425
BRDA:88,6,1,70
BRDA:103,7,0,58
BRDA:103,7,1,501
BRDA:113,8,0,32
BRDA:113,8,1,26
BRDA:135,9,0,328
BRDA:135,9,1,201
BRDA:144,10,0,559
BRDA:144,10,1,225
BRDA:144,10,2,58
BRF:23
BRH:23
end_of_record
TN:
SF:/Users/tigrou/Documents/www/ngx-permissions/application/projects/ngx-permissions/src/lib/service/roles.service.ts
FN:22,(anonymous_0)
FN:31,(anonymous_1)
FN:39,(anonymous_2)
FN:40,(anonymous_3)
FN:45,(anonymous_4)
FN:49,(anonymous_5)
FN:57,(anonymous_6)
FN:61,(anonymous_7)
FN:65,(anonymous_8)
FN:73,(anonymous_9)
FN:78,(anonymous_10)
FN:79,(anonymous_11)
FN:88,(anonymous_12)
FN:89,(anonymous_13)
FN:91,(anonymous_14)
FN:100,(anonymous_15)
FN:101,(anonymous_16)
FN:102,(anonymous_17)
FN:105,(anonymous_18)
FN:107,(anonymous_19)
FN:110,(anonymous_20)
FN:111,(anonymous_21)
FN:117,(anonymous_22)
FNF:23
FNH:23
FNDA:363,(anonymous_0)
FNDA:87,(anonymous_1)
FNDA:3,(anonymous_2)
FNDA:6,(anonymous_3)
FNDA:5,(anonymous_4)
FNDA:6,(anonymous_5)
FNDA:16,(anonymous_6)
FNDA:1,(anonymous_7)
FNDA:494,(anonymous_8)
FNDA:492,(anonymous_9)
FNDA:492,(anonymous_10)
FNDA:523,(anonymous_11)
FNDA:33,(anonymous_12)
FNDA:33,(anonymous_13)
FNDA:9,(anonymous_14)
FNDA:523,(anonymous_15)
FNDA:492,(anonymous_16)
FNDA:492,(anonymous_17)
FNDA:492,(anonymous_18)
FNDA:523,(anonymous_19)
FNDA:38,(anonymous_20)
FNDA:36,(anonymous_21)
FNDA:523,(anonymous_22)
DA:11,1
DA:16,1
DA:23,363
DA:24,363
DA:25,363
DA:27,363
DA:28,363
DA:32,87
DA:36,87
DA:40,3
DA:41,6
DA:46,5
DA:50,6
DA:53,6
DA:54,6
DA:58,16
DA:62,1
DA:66,494
DA:68,494
DA:70,492
DA:72,492
DA:74,492
DA:79,492
DA:80,523
DA:84,523
DA:85,33
DA:87,33
DA:88,33
DA:89,33
DA:91,9
DA:95,490
DA:98,492
DA:100,523
DA:101,492
DA:102,492
DA:106,492
DA:108,523
DA:109,33
DA:110,38
DA:111,36
DA:115,490
DA:117,523
LF:42
LH:42
BRDA:23,0,0,356
BRDA:27,1,0,7
BRDA:27,1,1,356
BRDA:66,2,0,494
BRDA:66,2,1,493
BRDA:66,2,2,95
BRDA:68,3,0,2
BRDA:68,3,1,492
BRDA:74,4,0,492
BRDA:74,4,1,476
BRDA:80,5,0,523
BRDA:80,5,1,66
BRDA:80,5,2,66
BRDA:84,6,0,33
BRDA:84,6,1,490
BRDA:84,7,0,523
BRDA:84,7,1,33
BRDA:90,8,0,20
BRDA:90,8,1,13
BRDA:108,9,0,33
BRDA:108,9,1,490
BRDA:108,10,0,523
BRDA:108,10,1,66
BRF:23
BRH:23
end_of_record
TN:
SF:/Users/tigrou/Documents/www/ngx-permissions/application/projects/ngx-permissions/src/lib/store/configuration.store.ts
FN:14,(anonymous_0)
FNF:1
FNH:1
FNDA:140,(anonymous_0)
DA:6,1
DA:8,140
DA:9,140
LF:3
LH:3
BRF:0
BRH:0
end_of_record
TN:
SF:/Users/tigrou/Documents/www/ngx-permissions/application/projects/ngx-permissions/src/lib/store/permissions.store.ts
FN:10,(anonymous_0)
FNF:1
FNH:1
FNDA:377,(anonymous_0)
DA:5,1
DA:7,377
DA:8,377
LF:3
LH:3
BRF:0
BRH:0
end_of_record
TN:
SF:/Users/tigrou/Documents/www/ngx-permissions/application/projects/ngx-permissions/src/lib/store/roles.store.ts
FN:3,(anonymous_0)
FNF:1
FNH:1
FNDA:361,(anonymous_0)
DA:5,361
DA:7,361
LF:2
LH:2
BRF:0
BRH:0
end_of_record
TN:
SF:/Users/tigrou/Documents/www/ngx-permissions/application/projects/ngx-permissions/src/lib/testing/permissions-allow.directive.stub.ts
FN:33,(anonymous_0)
FN:37,(anonymous_1)
FN:44,(anonymous_2)
FNF:3
FNH:3
FNDA:5,(anonymous_0)
FNDA:5,(anonymous_1)
FNDA:5,(anonymous_2)
DA:7,1
DA:9,1
DA:10,1
DA:11,1
DA:13,1
DA:14,1
DA:15,1
DA:17,1
DA:18,1
DA:20,1
DA:21,1
DA:23,1
DA:24,1
DA:26,1
DA:27,1
DA:29,6
DA:30,6
DA:33,5
DA:34,5
DA:38,5
DA:39,5
DA:40,5
DA:45,5
LF:23
LH:23
BRDA:45,0,0,5
BRDA:45,0,1,2
BRDA:45,0,2,2
BRDA:45,0,3,2
BRF:4
BRH:4
end_of_record
TN:
SF:/Users/tigrou/Documents/www/ngx-permissions/application/projects/ngx-permissions/src/lib/testing/permissions-restrict.directive.stub.ts
FN:33,(anonymous_0)
FN:36,(anonymous_1)
FN:45,(anonymous_2)
FNF:3
FNH:3
FNDA:3,(anonymous_0)
FNDA:3,(anonymous_1)
FNDA:5,(anonymous_2)
DA:7,1
DA:9,1
DA:10,1
DA:11,1
DA:13,1
DA:14,1
DA:15,1
DA:17,1
DA:18,1
DA:20,1
DA:21,1
DA:23,1
DA:24,1
DA:26,1
DA:27,1
DA:29,4
DA:30,4
DA:33,3
DA:37,3
DA:38,3
DA:39,2
DA:41,3
DA:46,5
LF:23
LH:23
BRDA:38,0,0,2
BRDA:38,0,1,1
BRDA:46,1,0,5
BRDA:46,1,1,1
BRDA:46,1,2,1
BRF:5
BRH:5
end_of_record
TN:
SF:/Users/tigrou/Documents/www/ngx-permissions/application/projects/ngx-permissions/src/lib/utils/utils.ts
FN:1,isFunction
FN:6,isPlainObject
FN:15,isString
FN:19,isBoolean
FN:23,isPromise
FN:27,notEmptyValue
FN:34,transformStringToArray
FNF:7
FNH:7
FNDA:1016,isFunction
FNDA:321,isPlainObject
FNDA:1556,isString
FNDA:242,isBoolean
FNDA:33,isPromise
FNDA:243,notEmptyValue
FNDA:1540,transformStringToArray
DA:2,1016
DA:3,1016
DA:7,321
DA:8,120
DA:10,201
DA:11,201
DA:16,1556
DA:20,242
DA:24,33
DA:28,243
DA:29,66
DA:31,177
DA:35,1540
DA:36,1054
DA:38,486
LF:15
LH:15
BRDA:3,0,0,1016
BRDA:3,0,1,879
BRDA:3,0,2,284
BRDA:7,1,0,120
BRDA:7,1,1,201
BRDA:11,2,0,201
BRDA:11,2,1,201
BRDA:16,3,0,1556
BRDA:16,3,1,1428
BRDA:28,4,0,66
BRDA:28,4,1,177
BRDA:35,5,0,1054
BRDA:35,5,1,486
BRF:13
BRH:13
end_of_record
